1577505950752	mozrunner::runner	INFO	Running command: "/usr/bin/firefox" "-marionette" "-foreground" "-no-remote" "-profile" "/tmp/rust_mozprofileTfBA3M"
1577505959869	addons.webextension.screenshots@mozilla.org	WARN	Loading extension 'screenshots@mozilla.org': Reading manifest: Invalid extension permission: mozillaAddons
1577505959923	addons.webextension.screenshots@mozilla.org	WARN	Loading extension 'screenshots@mozilla.org': Reading manifest: Invalid extension permission: telemetry
1577505959924	addons.webextension.screenshots@mozilla.org	WARN	Loading extension 'screenshots@mozilla.org': Reading manifest: Invalid extension permission: resource://pdf.js/
1577505959925	addons.webextension.screenshots@mozilla.org	WARN	Loading extension 'screenshots@mozilla.org': Reading manifest: Invalid extension permission: about:reader*
1577505971659	Marionette	INFO	Listening on port 39061
1577505971820	Marionette	WARN	TLS certificate errors will be ignored for this session

(/usr/lib/firefox/firefox:6160): dconf-WARNING **: 05:06:33.646: Unable to open /var/lib/snapd/desktop/dconf/profile/user: Permission denied
1577506017586	Marionette	INFO	Stopped listening on port 39061
[Parent 5983, Gecko_IOThread] WARNING: pipe error (96): Connection reset by peer: file /build/firefox-TZTJEq/firefox-71.0+build5/ipc/chromium/src/chrome/common/ipc_channel_posix.cc, line 358
1577506029284	mozrunner::runner	INFO	Running command: "/usr/bin/firefox" "-marionette" "-foreground" "-no-remote" "-profile" "/tmp/rust_mozprofileMflpK5"
1577506030885	addons.webextension.screenshots@mozilla.org	WARN	Loading extension 'screenshots@mozilla.org': Reading manifest: Invalid extension permission: mozillaAddons
1577506030886	addons.webextension.screenshots@mozilla.org	WARN	Loading extension 'screenshots@mozilla.org': Reading manifest: Invalid extension permission: telemetry
1577506030886	addons.webextension.screenshots@mozilla.org	WARN	Loading extension 'screenshots@mozilla.org': Reading manifest: Invalid extension permission: resource://pdf.js/
1577506030886	addons.webextension.screenshots@mozilla.org	WARN	Loading extension 'screenshots@mozilla.org': Reading manifest: Invalid extension permission: about:reader*
1577506034507	Marionette	INFO	Listening on port 35285
1577506034540	Marionette	WARN	TLS certificate errors will be ignored for this session

(/usr/lib/firefox/firefox:6424): dconf-WARNING **: 05:07:31.749: Unable to open /var/lib/snapd/desktop/dconf/profile/user: Permission denied
1577506075745	Marionette	INFO	Stopped listening on port 35285
[Parent 6338, Gecko_IOThread] WARNING: pipe error (66): Connection reset by peer: file /build/firefox-TZTJEq/firefox-71.0+build5/ipc/chromium/src/chrome/common/ipc_channel_posix.cc, line 358
[Parent 6338, Gecko_IOThread] WARNING: pipe error (74): Connection reset by peer: file /build/firefox-TZTJEq/firefox-71.0+build5/ipc/chromium/src/chrome/common/ipc_channel_posix.cc, line 358
JavaScript error: , line 0: UnknownError: The operation failed for reasons unrelated to the database itself and not covered by any other error code.
1577626292989	mozrunner::runner	INFO	Running command: "/usr/bin/firefox" "-marionette" "-foreground" "-no-remote" "-profile" "/tmp/rust_mozprofileG7Dsfx"
1577626294541	addons.webextension.screenshots@mozilla.org	WARN	Loading extension 'screenshots@mozilla.org': Reading manifest: Invalid extension permission: mozillaAddons
1577626294541	addons.webextension.screenshots@mozilla.org	WARN	Loading extension 'screenshots@mozilla.org': Reading manifest: Invalid extension permission: telemetry
1577626294541	addons.webextension.screenshots@mozilla.org	WARN	Loading extension 'screenshots@mozilla.org': Reading manifest: Invalid extension permission: resource://pdf.js/
1577626294541	addons.webextension.screenshots@mozilla.org	WARN	Loading extension 'screenshots@mozilla.org': Reading manifest: Invalid extension permission: about:reader*
1577626298249	Marionette	INFO	Listening on port 45503
1577626298310	Marionette	WARN	TLS certificate errors will be ignored for this session

(/usr/lib/firefox/firefox:26591): dconf-WARNING **: 14:31:54.489: Unable to open /var/lib/snapd/desktop/dconf/profile/user: Permission denied
[Parent 26530, Gecko_IOThread] WARNING: pipe error (91): Connection reset by peer: file /build/firefox-TZTJEq/firefox-71.0+build5/ipc/chromium/src/chrome/common/ipc_channel_posix.cc, line 358
JavaScript error: , line 0: UnknownError: The operation failed for reasons unrelated to the database itself and not covered by any other error code.
1577626339238	Marionette	INFO	Stopped listening on port 45503
1577629582849	mozrunner::runner	INFO	Running command: "/usr/bin/firefox" "-marionette" "-foreground" "-no-remote" "-profile" "/tmp/rust_mozprofileGxbIDz"
1577629583769	addons.webextension.screenshots@mozilla.org	WARN	Loading extension 'screenshots@mozilla.org': Reading manifest: Invalid extension permission: mozillaAddons
1577629583770	addons.webextension.screenshots@mozilla.org	WARN	Loading extension 'screenshots@mozilla.org': Reading manifest: Invalid extension permission: telemetry
1577629583770	addons.webextension.screenshots@mozilla.org	WARN	Loading extension 'screenshots@mozilla.org': Reading manifest: Invalid extension permission: resource://pdf.js/
1577629583770	addons.webextension.screenshots@mozilla.org	WARN	Loading extension 'screenshots@mozilla.org': Reading manifest: Invalid extension permission: about:reader*
1577629587486	Marionette	INFO	Listening on port 36433
1577629587590	Marionette	WARN	TLS certificate errors will be ignored for this session

(/usr/lib/firefox/firefox:29298): dconf-WARNING **: 15:26:47.165: Unable to open /var/lib/snapd/desktop/dconf/profile/user: Permission denied
1577629617974	Marionette	INFO	Stopped listening on port 36433
